<?xml version="1.0" encoding="UTF-8"?>
<!-- Generated by org.testng.reporters.JUnitReportReporter -->
<testsuite skipped="0" hostname="DESKTOP-69FB78P" name="LOG4J.Logexample" tests="1" failures="0" timestamp="28 Aug 2018 08:01:03 GMT" time="43.201" errors="0">
  <testcase name="log" time="43.201" classname="LOG4J.Logexample"/>
</testsuite> <!-- LOG4J.Logexample -->
