<?xml version="1.0" encoding="UTF-8"?>
<!-- Generated by org.testng.reporters.JUnitReportReporter -->
<testsuite skipped="0" hostname="DESKTOP-69FB78P" name="Select.Ashotcls" tests="1" failures="0" timestamp="02 Aug 2018 12:17:51 GMT" time="45.828" errors="0">
  <testcase name="m" time="45.828" classname="Select.Ashotcls"/>
</testsuite> <!-- Select.Ashotcls -->
