<?xml version="1.0" encoding="UTF-8"?>
<!-- Generated by org.testng.reporters.JUnitReportReporter -->
<testsuite skipped="0" hostname="DESKTOP-69FB78P" name="Select.Crossbro" tests="2" failures="0" timestamp="13 Aug 2018 12:38:48 GMT" time="87.471" errors="0">
  <testcase name="mthd" time="43.257" classname="Select.Crossbro"/>
  <testcase name="mthd" time="44.214" classname="Select.Crossbro"/>
</testsuite> <!-- Select.Crossbro -->
