<?xml version="1.0" encoding="UTF-8"?>
<!-- Generated by org.testng.reporters.JUnitReportReporter -->
<testsuite skipped="0" hostname="DESKTOP-69FB78P" name="Select.Incognitowindow" tests="1" failures="0" timestamp="29 Aug 2018 09:41:33 GMT" time="37.893" errors="0">
  <testcase name="window" time="37.893" classname="Select.Incognitowindow"/>
</testsuite> <!-- Select.Incognitowindow -->
