<?xml version="1.0" encoding="UTF-8"?>
<!-- Generated by org.testng.reporters.JUnitReportReporter -->
<testsuite skipped="0" hostname="DESKTOP-69FB78P" name="Frames.Framecls" tests="1" failures="0" timestamp="23 Aug 2018 03:18:34 GMT" time="49.100" errors="0">
  <testcase name="frame" time="49.100" classname="Frames.Framecls"/>
</testsuite> <!-- Frames.Framecls -->
