<?xml version="1.0" encoding="UTF-8"?>
<!-- Generated by org.testng.reporters.JUnitReportReporter -->
<testsuite skipped="0" hostname="DESKTOP-69FB78P" name="Select.Notepadcls" tests="1" failures="0" timestamp="14 Aug 2018 11:21:49 GMT" time="2.549" errors="0">
  <testcase name="notepad" time="2.549" classname="Select.Notepadcls"/>
</testsuite> <!-- Select.Notepadcls -->
