<?xml version="1.0" encoding="UTF-8"?>
<!-- Generated by org.testng.reporters.JUnitReportReporter -->
<testsuite skipped="0" hostname="DESKTOP-69FB78P" name="LOG4J.Brokenlinks" tests="1" failures="0" timestamp="04 Sep 2018 08:24:48 GMT" time="6.522" errors="0">
  <testcase name="broken" time="6.522" classname="LOG4J.Brokenlinks"/>
</testsuite> <!-- LOG4J.Brokenlinks -->
