<?xml version="1.0" encoding="UTF-8"?>
<!-- Generated by org.testng.reporters.JUnitReportReporter -->
<testsuite skipped="0" hostname="DESKTOP-69FB78P" name="Select.Multiplewindow" tests="1" failures="0" timestamp="29 Aug 2018 10:29:45 GMT" time="28.079" errors="0">
  <testcase name="handling" time="28.079" classname="Select.Multiplewindow"/>
</testsuite> <!-- Select.Multiplewindow -->
