<?xml version="1.0" encoding="UTF-8"?>
<!-- Generated by org.testng.reporters.JUnitReportReporter -->
<testsuite skipped="0" hostname="DESKTOP-69FB78P" name="Select.Gridcls" tests="2" failures="0" timestamp="20 Sep 2018 08:30:31 GMT" time="50.710" errors="0">
  <testcase name="Browser" time="37.681" classname="Select.Gridcls"/>
  <testcase name="Browser" time="13.029" classname="Select.Gridcls"/>
</testsuite> <!-- Select.Gridcls -->
